<?xml version="1.0" encoding="UTF-8"?>
<!-- Generated by org.testng.reporters.JUnitReportReporter -->
<testsuite hostname="MANDAR7" failures="0" tests="1" name="oruPhones.Sample" time="14.335" errors="0" timestamp="2024-04-15T12:35:27 IST" skipped="0">
  <testcase classname="oruPhones.Sample" name="ss" time="14.335"/>
</testsuite> <!-- oruPhones.Sample -->
