<?xml version="1.0" encoding="UTF-8"?>
<!-- Generated by org.testng.reporters.JUnitReportReporter -->
<testsuite hostname="MANDAR7" failures="0" tests="1" name="oruPhones.SellYourPhone" time="84.131" errors="0" timestamp="2024-04-15T14:08:36 IST" skipped="0">
  <testcase classname="oruPhones.SellYourPhone" name="syp" time="84.131"/>
</testsuite> <!-- oruPhones.SellYourPhone -->
